<?xml version="1.0" encoding="UTF-8"?>
<testsuite xmlns:xsi="http://www.w3.org/2001/XMLSchema-instance" xsi:noNamespaceSchemaLocation="https://maven.apache.org/surefire/maven-surefire-plugin/xsd/surefire-test-report-3.0.xsd" version="3.0" name="org.simplestore.util.InventoryLoaderTest" time="0.04" tests="2" errors="0" skipped="0" failures="0">
  <properties>
[...]
</properties>
  <testcase name="loadInventory_ShouldLoadProductsCorrectly" classname="org.simplestore.util.InventoryLoaderTest" time="0.022"/>
  <testcase name="loadInventory_WithInvalidData_ShouldHandleErrors" classname="org.simplestore.util.InventoryLoaderTest" time="0.004">
    <system-err><![CDATA[For input string: "invalid data"
]]></system-err>
  </testcase>
</testsuite>